c:\users\rob\source\repos\projecthammertime\debug\vc142.pdb
c:\users\rob\source\repos\projecthammertime\debug\vc142.idb
c:\users\rob\source\repos\projecthammertime\debug\projecthammertime.obj
c:\users\rob\source\repos\projecthammertime\debug\projecthammertime.ilk
c:\users\rob\source\repos\projecthammertime\debug\projecthammertime.exe
c:\users\rob\source\repos\projecthammertime\debug\projecthammertime.pdb
c:\users\rob\source\repos\projecthammertime\debug\vcpkg.applocal.log
c:\users\18453\source\repos\projecthammertime\debug\projecthammertime.obj
c:\users\18453\source\repos\projecthammertime\debug\projecthammertime.ilk
c:\users\18453\source\repos\projecthammertime\debug\vc142.idb
c:\users\18453\source\repos\projecthammertime\debug\projecthammertime.pdb
c:\users\18453\source\repos\projecthammertime\debug\vc142.pdb
c:\users\18453\source\repos\projecthammertime\debug\projecthammertime.exe
c:\users\18453\source\repos\projecthammertime\debug\projecth.38264c6e.tlog\cl.command.1.tlog
c:\users\18453\source\repos\projecthammertime\debug\projecth.38264c6e.tlog\cl.read.1.tlog
c:\users\18453\source\repos\projecthammertime\debug\projecth.38264c6e.tlog\cl.write.1.tlog
c:\users\18453\source\repos\projecthammertime\debug\projecth.38264c6e.tlog\link.command.1.tlog
c:\users\18453\source\repos\projecthammertime\debug\projecth.38264c6e.tlog\link.read.1.tlog
c:\users\18453\source\repos\projecthammertime\debug\projecth.38264c6e.tlog\link.write.1.tlog
c:\users\18453\source\repos\projecthammertime\debug\projecth.38264c6e.tlog\projecthammertime.write.1u.tlog
